-------------------------------------------------------------------------------
Test set: com.rt.sample.test.HelloWorldTest
-------------------------------------------------------------------------------
Tests run: 2, Failures: 1, Errors: 0, Skipped: 0, Time elapsed: 0.297 s <<< FAILURE! - in com.rt.sample.test.HelloWorldTest
com.rt.sample.test.HelloWorldTest.testGetNameShouldReturnCorrectName  Time elapsed: 0.031 s  <<< FAILURE!
org.opentest4j.AssertionFailedError: The name should match the expected value ==> expected: <Rushi Technologies > but was: <Rushi Technologies.>
	at org.junit.jupiter.api.AssertionFailureBuilder.build(AssertionFailureBuilder.java:151)
	at org.junit.jupiter.api.AssertionFailureBuilder.buildAndThrow(AssertionFailureBuilder.java:132)
	at org.junit.jupiter.api.AssertEquals.failNotEqual(AssertEquals.java:197)
	at org.junit.jupiter.api.AssertEquals.assertEquals(AssertEquals.java:182)
	at org.junit.jupiter.api.Assertions.assertEquals(Assertions.java:1156)
	at com.rt.sample.test.HelloWorldTest.testGetNameShouldReturnCorrectName(HelloWorldTest.java:38)
	at java.base/java.lang.reflect.Method.invoke(Method.java:578)
	at java.base/java.util.ArrayList.forEach(ArrayList.java:1511)
	at java.base/java.util.ArrayList.forEach(ArrayList.java:1511)

