<?xml version="1.0" encoding="UTF-8"?>
<testsuite xmlns:xsi="http://www.w3.org/2001/XMLSchema-instance" xsi:noNamespaceSchemaLocation="https://maven.apache.org/surefire/maven-surefire-plugin/xsd/surefire-test-report-3.0.xsd" version="3.0" name="com.rt.sample.test.HelloWorldTest" time="0.297" tests="2" errors="0" skipped="0" failures="1">
  <properties>
[...]
</properties>
  <testcase name="testGetLocalCurrentDateShouldReturnCurrentDate" classname="com.rt.sample.test.HelloWorldTest" time="0.12"/>
  <testcase name="testGetNameShouldReturnCorrectName" classname="com.rt.sample.test.HelloWorldTest" time="0.031">
    <failure message="The name should match the expected value ==&gt; expected: &lt;Rushi Technologies &gt; but was: &lt;Rushi Technologies.&gt;" type="org.opentest4j.AssertionFailedError"><![CDATA[org.opentest4j.AssertionFailedError: The name should match the expected value ==> expected: <Rushi Technologies > but was: <Rushi Technologies.>
	at org.junit.jupiter.api.AssertionFailureBuilder.build(AssertionFailureBuilder.java:151)
	at org.junit.jupiter.api.AssertionFailureBuilder.buildAndThrow(AssertionFailureBuilder.java:132)
	at org.junit.jupiter.api.AssertEquals.failNotEqual(AssertEquals.java:197)
	at org.junit.jupiter.api.AssertEquals.assertEquals(AssertEquals.java:182)
	at org.junit.jupiter.api.Assertions.assertEquals(Assertions.java:1156)
	at com.rt.sample.test.HelloWorldTest.testGetNameShouldReturnCorrectName(HelloWorldTest.java:38)
	at java.base/java.lang.reflect.Method.invoke(Method.java:578)
	at java.base/java.util.ArrayList.forEach(ArrayList.java:1511)
	at java.base/java.util.ArrayList.forEach(ArrayList.java:1511)
]]></failure>
  </testcase>
</testsuite>